# JRE version: Java(TM) SE Runtime Environment (8.0_65-b17) (build 1.8.0_65-b17)
# Java VM: Java HotSpot(TM) Client VM (25.65-b01 mixed mode windows-x86 )
Heap:
 def new generation   total 4992K, used 2990K [0x03e00000, 0x04360000, 0x09350000)
  eden space 4480K,  66% used [0x03e00000, 0x040e5c30, 0x04260000)
  from space 512K,   4% used [0x042e0000, 0x042e5cb0, 0x04360000)
  to   space 512K,   0% used [0x04260000, 0x04260000, 0x042e0000)
 tenured generation   total 10944K, used 9198K [0x09350000, 0x09e00000, 0x13e00000)
   the space 10944K,  84% used [0x09350000, 0x09c4ba28, 0x09c4bc00, 0x09e00000)
 Metaspace       used 7618K, capacity 7775K, committed 7936K, reserved 8576K
GC Heap History (10 events):
Event: 71.945 GC heap before
{Heap before GC invocations=78 (full 2):
 def new generation   total 4992K, used 4543K [0x03e00000, 0x04360000, 0x09350000)
  eden space 4480K, 100% used [0x03e00000, 0x04260000, 0x04260000)
  from space 512K,  12% used [0x04260000, 0x0426fc68, 0x042e0000)
  to   space 512K,   0% used [0x042e0000, 0x042e0000, 0x04360000)
 tenured generation   total 10944K, used 9197K [0x09350000, 0x09e00000, 0x13e00000)
   the space 10944K,  84% used [0x09350000, 0x09c4b7f8, 0x09c4b800, 0x09e00000)
 Metaspace       used 7607K, capacity 7743K, committed 7808K, reserved 8576K
Event: 71.946 GC heap after
Heap after GC invocations=79 (full 2):
 def new generation   total 4992K, used 64K [0x03e00000, 0x04360000, 0x09350000)
  eden space 4480K,   0% used [0x03e00000, 0x03e00000, 0x04260000)
  from space 512K,  12% used [0x042e0000, 0x042f0080, 0x04360000)
  to   space 512K,   0% used [0x04260000, 0x04260000, 0x042e0000)
 tenured generation   total 10944K, used 9198K [0x09350000, 0x09e00000, 0x13e00000)
   the space 10944K,  84% used [0x09350000, 0x09c4b868, 0x09c4ba00, 0x09e00000)
 Metaspace       used 7607K, capacity 7743K, committed 7808K, reserved 8576K
}
Event: 73.311 GC heap before
{Heap before GC invocations=79 (full 2):
 def new generation   total 4992K, used 4544K [0x03e00000, 0x04360000, 0x09350000)
  eden space 4480K, 100% used [0x03e00000, 0x04260000, 0x04260000)
  from space 512K,  12% used [0x042e0000, 0x042f0080, 0x04360000)
  to   space 512K,   0% used [0x04260000, 0x04260000, 0x042e0000)
 tenured generation   total 10944K, used 9198K [0x09350000, 0x09e00000, 0x13e00000)
   the space 10944K,  84% used [0x09350000, 0x09c4b868, 0x09c4ba00, 0x09e00000)
 Metaspace       used 7607K, capacity 7743K, committed 7808K, reserved 8576K
Event: 73.312 GC heap after
Heap after GC invocations=80 (full 2):
 def new generation   total 4992K, used 12K [0x03e00000, 0x04360000, 0x09350000)
  eden space 4480K,   0% used [0x03e00000, 0x03e00000, 0x04260000)
  from space 512K,   2% used [0x04260000, 0x04263088, 0x042e0000)
  to   space 512K,   0% used [0x042e0000, 0x042e0000, 0x04360000)
 tenured generation   total 10944K, used 9198K [0x09350000, 0x09e00000, 0x13e00000)
   the space 10944K,  84% used [0x09350000, 0x09c4b868, 0x09c4ba00, 0x09e00000)
 Metaspace       used 7607K, capacity 7743K, committed 7808K, reserved 8576K
}
Event: 74.630 GC heap before
{Heap before GC invocations=80 (full 2):
 def new generation   total 4992K, used 4492K [0x03e00000, 0x04360000, 0x09350000)
  eden space 4480K, 100% used [0x03e00000, 0x04260000, 0x04260000)
  from space 512K,   2% used [0x04260000, 0x04263088, 0x042e0000)
  to   space 512K,   0% used [0x042e0000, 0x042e0000, 0x04360000)
 tenured generation   total 10944K, used 9198K [0x09350000, 0x09e00000, 0x13e00000)
   the space 10944K,  84% used [0x09350000, 0x09c4b868, 0x09c4ba00, 0x09e00000)
 Metaspace       used 7607K, capacity 7743K, committed 7808K, reserved 8576K
Event: 74.630 GC heap after
Heap after GC invocations=81 (full 2):
 def new generation   total 4992K, used 42K [0x03e00000, 0x04360000, 0x09350000)
  eden space 4480K,   0% used [0x03e00000, 0x03e00000, 0x04260000)
  from space 512K,   8% used [0x042e0000, 0x042eab70, 0x04360000)
  to   space 512K,   0% used [0x04260000, 0x04260000, 0x042e0000)
 tenured generation   total 10944K, used 9198K [0x09350000, 0x09e00000, 0x13e00000)
   the space 10944K,  84% used [0x09350000, 0x09c4b948, 0x09c4ba00, 0x09e00000)
 Metaspace       used 7607K, capacity 7743K, committed 7808K, reserved 8576K
}
Event: 76.048 GC heap before
{Heap before GC invocations=81 (full 2):
 def new generation   total 4992K, used 4522K [0x03e00000, 0x04360000, 0x09350000)
  eden space 4480K, 100% used [0x03e00000, 0x04260000, 0x04260000)
  from space 512K,   8% used [0x042e0000, 0x042eab70, 0x04360000)
  to   space 512K,   0% used [0x04260000, 0x04260000, 0x042e0000)
 tenured generation   total 10944K, used 9198K [0x09350000, 0x09e00000, 0x13e00000)
   the space 10944K,  84% used [0x09350000, 0x09c4b948, 0x09c4ba00, 0x09e00000)
 Metaspace       used 7607K, capacity 7743K, committed 7808K, reserved 8576K
Event: 76.049 GC heap after
Heap after GC invocations=82 (full 2):
 def new generation   total 4992K, used 53K [0x03e00000, 0x04360000, 0x09350000)
  eden space 4480K,   0% used [0x03e00000, 0x03e00000, 0x04260000)
  from space 512K,  10% used [0x04260000, 0x0426d448, 0x042e0000)
  to   space 512K,   0% used [0x042e0000, 0x042e0000, 0x04360000)
 tenured generation   total 10944K, used 9198K [0x09350000, 0x09e00000, 0x13e00000)
   the space 10944K,  84% used [0x09350000, 0x09c4b9b8, 0x09c4ba00, 0x09e00000)
 Metaspace       used 7607K, capacity 7743K, committed 7808K, reserved 8576K
}
Event: 77.426 GC heap before
{Heap before GC invocations=82 (full 2):
 def new generation   total 4992K, used 4533K [0x03e00000, 0x04360000, 0x09350000)
  eden space 4480K, 100% used [0x03e00000, 0x04260000, 0x04260000)
  from space 512K,  10% used [0x04260000, 0x0426d448, 0x042e0000)
  to   space 512K,   0% used [0x042e0000, 0x042e0000, 0x04360000)
 tenured generation   total 10944K, used 9198K [0x09350000, 0x09e00000, 0x13e00000)
   the space 10944K,  84% used [0x09350000, 0x09c4b9b8, 0x09c4ba00, 0x09e00000)
 Metaspace       used 7607K, capacity 7743K, committed 7808K, reserved 8576K
Event: 77.426 GC heap after
Heap after GC invocations=83 (full 2):
 def new generation   total 4992K, used 23K [0x03e00000, 0x04360000, 0x09350000)
  eden space 4480K,   0% used [0x03e00000, 0x03e00000, 0x04260000)
  from space 512K,   4% used [0x042e0000, 0x042e5cb0, 0x04360000)
  to   space 512K,   0% used [0x04260000, 0x04260000, 0x042e0000)
 tenured generation   total 10944K, used 9198K [0x09350000, 0x09e00000, 0x13e00000)
   the space 10944K,  84% used [0x09350000, 0x09c4ba28, 0x09c4bc00, 0x09e00000)
 Metaspace       used 7607K, capacity 7743K, committed 7808K, reserved 8576K
}

